<?xml version="1.0" encoding="UTF-8"?>
<testng-results skipped="0" failed="0" total="1" passed="1">
  <reporter-output>
  </reporter-output>
  <suite name="Suite" duration-ms="16111" started-at="2021-04-04T16:07:28Z" finished-at="2021-04-04T16:07:44Z">
    <groups>
    </groups>
    <test name="Test" duration-ms="16111" started-at="2021-04-04T16:07:28Z" finished-at="2021-04-04T16:07:44Z">
      <class name="com.tests.LoginTest">
        <test-method status="PASS" signature="setup()[pri:0, instance:com.tests.LoginTest@735f7ae5]" name="setup" is-config="true" duration-ms="9485" started-at="2021-04-04T21:37:28Z" finished-at="2021-04-04T21:37:38Z">
          <reporter-output>
          </reporter-output>
        </test-method> <!-- setup -->
        <test-method status="PASS" signature="test_Home_Page_Appear_Correct()[pri:0, instance:com.tests.LoginTest@735f7ae5]" name="test_Home_Page_Appear_Correct" duration-ms="3649" started-at="2021-04-04T21:37:38Z" finished-at="2021-04-04T21:37:41Z">
          <reporter-output>
          </reporter-output>
        </test-method> <!-- test_Home_Page_Appear_Correct -->
        <test-method status="PASS" signature="testDown()[pri:0, instance:com.tests.LoginTest@735f7ae5]" name="testDown" is-config="true" duration-ms="2916" started-at="2021-04-04T21:37:41Z" finished-at="2021-04-04T21:37:44Z">
          <reporter-output>
          </reporter-output>
        </test-method> <!-- testDown -->
      </class> <!-- com.tests.LoginTest -->
    </test> <!-- Test -->
  </suite> <!-- Suite -->
</testng-results>
