<?xml version="1.0" encoding="UTF-8"?>
<testng-results skipped="0" failed="0" total="1" passed="1">
  <reporter-output>
  </reporter-output>
  <suite name="Suite" duration-ms="313361" started-at="2017-11-03T02:39:33Z" finished-at="2017-11-03T02:44:47Z">
    <groups>
    </groups>
    <test name="Test" duration-ms="313361" started-at="2017-11-03T02:39:33Z" finished-at="2017-11-03T02:44:47Z">
      <class name="com.amazon.AmazonSearch">
        <test-method status="PASS" signature="beforeClass()[pri:0, instance:com.amazon.AmazonSearch@68837a77]" name="beforeClass" is-config="true" duration-ms="82863" started-at="2017-11-03T08:09:33Z" finished-at="2017-11-03T08:10:56Z">
          <reporter-output>
          </reporter-output>
        </test-method> <!-- beforeClass -->
        <test-method status="PASS" signature="verifySearchButton()[pri:0, instance:com.amazon.AmazonSearch@68837a77]" name="verifySearchButton" duration-ms="222252" started-at="2017-11-03T08:10:56Z" finished-at="2017-11-03T08:14:38Z">
          <reporter-output>
          </reporter-output>
        </test-method> <!-- verifySearchButton -->
        <test-method status="PASS" signature="afterClass()[pri:0, instance:com.amazon.AmazonSearch@68837a77]" name="afterClass" is-config="true" duration-ms="8141" started-at="2017-11-03T08:14:39Z" finished-at="2017-11-03T08:14:47Z">
          <reporter-output>
          </reporter-output>
        </test-method> <!-- afterClass -->
      </class> <!-- com.amazon.AmazonSearch -->
    </test> <!-- Test -->
  </suite> <!-- Suite -->
</testng-results>
