<?xml version="1.0" encoding="UTF-8"?>
<testng-results skipped="0" failed="0" total="1" passed="1">
  <reporter-output>
  </reporter-output>
  <suite name="Default suite" duration-ms="346709" started-at="2017-11-03T02:13:26Z" finished-at="2017-11-03T02:19:13Z">
    <groups>
    </groups>
    <test name="Default test" duration-ms="346709" started-at="2017-11-03T02:13:26Z" finished-at="2017-11-03T02:19:13Z">
      <class name="com.amazon.AmazonSearch">
        <test-method status="PASS" signature="beforeClass()[pri:0, instance:com.amazon.AmazonSearch@5b275dab]" name="beforeClass" is-config="true" duration-ms="66588" started-at="2017-11-03T07:43:26Z" finished-at="2017-11-03T07:44:33Z">
          <reporter-output>
          </reporter-output>
        </test-method> <!-- beforeClass -->
        <test-method status="PASS" signature="verifySearchButton()[pri:0, instance:com.amazon.AmazonSearch@5b275dab]" name="verifySearchButton" duration-ms="258137" started-at="2017-11-03T07:44:33Z" finished-at="2017-11-03T07:48:51Z">
          <reporter-output>
          </reporter-output>
        </test-method> <!-- verifySearchButton -->
        <test-method status="PASS" signature="afterClass()[pri:0, instance:com.amazon.AmazonSearch@5b275dab]" name="afterClass" is-config="true" duration-ms="21781" started-at="2017-11-03T07:48:51Z" finished-at="2017-11-03T07:49:13Z">
          <reporter-output>
          </reporter-output>
        </test-method> <!-- afterClass -->
      </class> <!-- com.amazon.AmazonSearch -->
    </test> <!-- Default test -->
  </suite> <!-- Default suite -->
</testng-results>
