<?xml version="1.0" encoding="UTF-8"?>
<testng-results skipped="0" failed="0" total="1" passed="1">
  <reporter-output>
  </reporter-output>
  <suite name="Suite" duration-ms="15094" started-at="2021-04-04T16:06:20Z" finished-at="2021-04-04T16:06:35Z">
    <groups>
    </groups>
    <test name="Test" duration-ms="15094" started-at="2021-04-04T16:06:20Z" finished-at="2021-04-04T16:06:35Z">
      <class name="com.tests.LoginTest">
        <test-method status="PASS" signature="setup()[pri:0, instance:com.tests.LoginTest@28d25987]" name="setup" is-config="true" duration-ms="9122" started-at="2021-04-04T21:36:20Z" finished-at="2021-04-04T21:36:29Z">
          <reporter-output>
          </reporter-output>
        </test-method> <!-- setup -->
        <test-method status="PASS" signature="test_Home_Page_Appear_Correct()[pri:0, instance:com.tests.LoginTest@28d25987]" name="test_Home_Page_Appear_Correct" duration-ms="3690" started-at="2021-04-04T21:36:29Z" finished-at="2021-04-04T21:36:33Z">
          <reporter-output>
          </reporter-output>
        </test-method> <!-- test_Home_Page_Appear_Correct -->
        <test-method status="PASS" signature="testDown()[pri:0, instance:com.tests.LoginTest@28d25987]" name="testDown" is-config="true" duration-ms="2213" started-at="2021-04-04T21:36:33Z" finished-at="2021-04-04T21:36:35Z">
          <reporter-output>
          </reporter-output>
        </test-method> <!-- testDown -->
      </class> <!-- com.tests.LoginTest -->
    </test> <!-- Test -->
  </suite> <!-- Suite -->
</testng-results>
